Warning: Please use the `legacy` build in Node.js environments.
DEBUG: Starting application...
DEBUG: Upload directories ensured
DEBUG: Registering routes...
DEBUG: Setting up auth middleware...
DEBUG: Passport initialized
DEBUG: Routes registered
node:events:496
      throw er; // Unhandled 'error' event
      ^

Error: listen EADDRINUSE: address already in use 0.0.0.0:9100
    at Server.setupListenHandle [as _listen2] (node:net:1940:16)
    at listenInCluster (node:net:1997:12)
    at node:net:2206:7
    at process.processTicksAndRejections (node:internal/process/task_queues:90:21)
Emitted 'error' event on WebSocketServer instance at:
    at Server.emit (node:events:518:28)
    at emitErrorNT (node:net:1976:8)
    at process.processTicksAndRejections (node:internal/process/task_queues:90:21) {
  code: 'EADDRINUSE',
  errno: -4091,
  syscall: 'listen',
  address: '0.0.0.0',
  port: 9100
}

Node.js v22.17.0
